2017-10-23 10:11:43 [scrapy.utils.log] INFO: Scrapy 1.4.0 started (bot: stock)
2017-10-23 10:11:43 [scrapy.utils.log] INFO: Overridden settings: {'NEWSPIDER_MODULE': 'stock.spiders', 'SPIDER_MODULES': ['stock.spiders'], 'ROBOTSTXT_OBEY': True, 'BOT_NAME': 'stock'}
2017-10-23 10:11:43 [scrapy.middleware] INFO: Enabled extensions:
['scrapy.extensions.memusage.MemoryUsage',
 'scrapy.extensions.logstats.LogStats',
 'scrapy.extensions.telnet.TelnetConsole',
 'scrapy.extensions.corestats.CoreStats']
2017-10-23 10:11:43 [scrapy.middleware] INFO: Enabled downloader middlewares:
['scrapy.downloadermiddlewares.robotstxt.RobotsTxtMiddleware',
 'scrapy.downloadermiddlewares.httpauth.HttpAuthMiddleware',
 'scrapy.downloadermiddlewares.downloadtimeout.DownloadTimeoutMiddleware',
 'scrapy.downloadermiddlewares.defaultheaders.DefaultHeadersMiddleware',
 'scrapy.downloadermiddlewares.useragent.UserAgentMiddleware',
 'scrapy.downloadermiddlewares.retry.RetryMiddleware',
 'scrapy.downloadermiddlewares.redirect.MetaRefreshMiddleware',
 'scrapy.downloadermiddlewares.httpcompression.HttpCompressionMiddleware',
 'scrapy.downloadermiddlewares.redirect.RedirectMiddleware',
 'scrapy.downloadermiddlewares.cookies.CookiesMiddleware',
 'scrapy.downloadermiddlewares.httpproxy.HttpProxyMiddleware',
 'scrapy.downloadermiddlewares.stats.DownloaderStats']
2017-10-23 10:11:43 [scrapy.middleware] INFO: Enabled spider middlewares:
['scrapy.spidermiddlewares.httperror.HttpErrorMiddleware',
 'scrapy.spidermiddlewares.offsite.OffsiteMiddleware',
 'scrapy.spidermiddlewares.referer.RefererMiddleware',
 'scrapy.spidermiddlewares.urllength.UrlLengthMiddleware',
 'scrapy.spidermiddlewares.depth.DepthMiddleware']
2017-10-23 10:11:43 [scrapy.middleware] INFO: Enabled item pipelines:
[]
2017-10-23 10:11:43 [scrapy.core.engine] INFO: Spider opened
2017-10-23 10:11:43 [scrapy.extensions.logstats] INFO: Crawled 0 pages (at 0 pages/min), scraped 0 items (at 0 items/min)
2017-10-23 10:11:43 [scrapy.extensions.telnet] DEBUG: Telnet console listening on 127.0.0.1:6023
2017-10-23 10:11:45 [scrapy.core.engine] DEBUG: Crawled (404) <GET http://www.hkexnews.hk/robots.txt> (referer: None)
2017-10-23 10:11:47 [scrapy.core.engine] DEBUG: Crawled (200) <GET http://www.hkexnews.hk/sdw/search/mutualmarket.aspx?t=hk> (referer: None)
2017-10-23 10:11:48 [scrapy.core.engine] INFO: Closing spider (finished)
2017-10-23 10:11:48 [scrapy.statscollectors] INFO: Dumping Scrapy stats:
{'downloader/request_bytes': 564,
 'downloader/request_count': 2,
 'downloader/request_method_count/GET': 2,
 'downloader/response_bytes': 427306,
 'downloader/response_count': 2,
 'downloader/response_status_count/200': 1,
 'downloader/response_status_count/404': 1,
 'finish_reason': 'finished',
 'finish_time': datetime.datetime(2017, 10, 23, 10, 11, 48, 32531),
 'log_count/DEBUG': 3,
 'log_count/INFO': 7,
 'memusage/max': 50180096,
 'memusage/startup': 50180096,
 'response_received_count': 2,
 'scheduler/dequeued': 1,
 'scheduler/dequeued/memory': 1,
 'scheduler/enqueued': 1,
 'scheduler/enqueued/memory': 1,
 'start_time': datetime.datetime(2017, 10, 23, 10, 11, 43, 834325)}
2017-10-23 10:11:48 [scrapy.core.engine] INFO: Spider closed (finished)
2017-10-24 10:11:48 [scrapy.utils.log] INFO: Scrapy 1.4.0 started (bot: stock)
2017-10-24 10:11:48 [scrapy.utils.log] INFO: Overridden settings: {'NEWSPIDER_MODULE': 'stock.spiders', 'SPIDER_MODULES': ['stock.spiders'], 'ROBOTSTXT_OBEY': True, 'BOT_NAME': 'stock'}
2017-10-24 10:11:48 [scrapy.middleware] INFO: Enabled extensions:
['scrapy.extensions.memusage.MemoryUsage',
 'scrapy.extensions.logstats.LogStats',
 'scrapy.extensions.telnet.TelnetConsole',
 'scrapy.extensions.corestats.CoreStats']
2017-10-24 10:11:48 [scrapy.middleware] INFO: Enabled downloader middlewares:
['scrapy.downloadermiddlewares.robotstxt.RobotsTxtMiddleware',
 'scrapy.downloadermiddlewares.httpauth.HttpAuthMiddleware',
 'scrapy.downloadermiddlewares.downloadtimeout.DownloadTimeoutMiddleware',
 'scrapy.downloadermiddlewares.defaultheaders.DefaultHeadersMiddleware',
 'scrapy.downloadermiddlewares.useragent.UserAgentMiddleware',
 'scrapy.downloadermiddlewares.retry.RetryMiddleware',
 'scrapy.downloadermiddlewares.redirect.MetaRefreshMiddleware',
 'scrapy.downloadermiddlewares.httpcompression.HttpCompressionMiddleware',
 'scrapy.downloadermiddlewares.redirect.RedirectMiddleware',
 'scrapy.downloadermiddlewares.cookies.CookiesMiddleware',
 'scrapy.downloadermiddlewares.httpproxy.HttpProxyMiddleware',
 'scrapy.downloadermiddlewares.stats.DownloaderStats']
2017-10-24 10:11:48 [scrapy.middleware] INFO: Enabled spider middlewares:
['scrapy.spidermiddlewares.httperror.HttpErrorMiddleware',
 'scrapy.spidermiddlewares.offsite.OffsiteMiddleware',
 'scrapy.spidermiddlewares.referer.RefererMiddleware',
 'scrapy.spidermiddlewares.urllength.UrlLengthMiddleware',
 'scrapy.spidermiddlewares.depth.DepthMiddleware']
2017-10-24 10:11:48 [scrapy.middleware] INFO: Enabled item pipelines:
[]
2017-10-24 10:11:48 [scrapy.core.engine] INFO: Spider opened
2017-10-24 10:11:48 [scrapy.extensions.logstats] INFO: Crawled 0 pages (at 0 pages/min), scraped 0 items (at 0 items/min)
2017-10-24 10:11:48 [scrapy.extensions.telnet] DEBUG: Telnet console listening on 127.0.0.1:6023
2017-10-24 10:11:49 [scrapy.core.engine] DEBUG: Crawled (404) <GET http://www.hkexnews.hk/robots.txt> (referer: None)
2017-10-24 10:11:52 [scrapy.core.engine] DEBUG: Crawled (200) <GET http://www.hkexnews.hk/sdw/search/mutualmarket.aspx?t=hk> (referer: None)
2017-10-24 10:11:52 [scrapy.core.engine] INFO: Closing spider (finished)
2017-10-24 10:11:52 [scrapy.statscollectors] INFO: Dumping Scrapy stats:
{'downloader/request_bytes': 564,
 'downloader/request_count': 2,
 'downloader/request_method_count/GET': 2,
 'downloader/response_bytes': 427307,
 'downloader/response_count': 2,
 'downloader/response_status_count/200': 1,
 'downloader/response_status_count/404': 1,
 'finish_reason': 'finished',
 'finish_time': datetime.datetime(2017, 10, 24, 10, 11, 52, 901331),
 'log_count/DEBUG': 3,
 'log_count/INFO': 7,
 'memusage/max': 50647040,
 'memusage/startup': 50647040,
 'response_received_count': 2,
 'scheduler/dequeued': 1,
 'scheduler/dequeued/memory': 1,
 'scheduler/enqueued': 1,
 'scheduler/enqueued/memory': 1,
 'start_time': datetime.datetime(2017, 10, 24, 10, 11, 48, 719788)}
2017-10-24 10:11:52 [scrapy.core.engine] INFO: Spider closed (finished)
2017-10-25 10:11:53 [scrapy.utils.log] INFO: Scrapy 1.4.0 started (bot: stock)
2017-10-25 10:11:53 [scrapy.utils.log] INFO: Overridden settings: {'NEWSPIDER_MODULE': 'stock.spiders', 'SPIDER_MODULES': ['stock.spiders'], 'ROBOTSTXT_OBEY': True, 'BOT_NAME': 'stock'}
2017-10-25 10:11:53 [scrapy.middleware] INFO: Enabled extensions:
['scrapy.extensions.memusage.MemoryUsage',
 'scrapy.extensions.logstats.LogStats',
 'scrapy.extensions.telnet.TelnetConsole',
 'scrapy.extensions.corestats.CoreStats']
2017-10-25 10:11:53 [scrapy.middleware] INFO: Enabled downloader middlewares:
['scrapy.downloadermiddlewares.robotstxt.RobotsTxtMiddleware',
 'scrapy.downloadermiddlewares.httpauth.HttpAuthMiddleware',
 'scrapy.downloadermiddlewares.downloadtimeout.DownloadTimeoutMiddleware',
 'scrapy.downloadermiddlewares.defaultheaders.DefaultHeadersMiddleware',
 'scrapy.downloadermiddlewares.useragent.UserAgentMiddleware',
 'scrapy.downloadermiddlewares.retry.RetryMiddleware',
 'scrapy.downloadermiddlewares.redirect.MetaRefreshMiddleware',
 'scrapy.downloadermiddlewares.httpcompression.HttpCompressionMiddleware',
 'scrapy.downloadermiddlewares.redirect.RedirectMiddleware',
 'scrapy.downloadermiddlewares.cookies.CookiesMiddleware',
 'scrapy.downloadermiddlewares.httpproxy.HttpProxyMiddleware',
 'scrapy.downloadermiddlewares.stats.DownloaderStats']
2017-10-25 10:11:53 [scrapy.middleware] INFO: Enabled spider middlewares:
['scrapy.spidermiddlewares.httperror.HttpErrorMiddleware',
 'scrapy.spidermiddlewares.offsite.OffsiteMiddleware',
 'scrapy.spidermiddlewares.referer.RefererMiddleware',
 'scrapy.spidermiddlewares.urllength.UrlLengthMiddleware',
 'scrapy.spidermiddlewares.depth.DepthMiddleware']
2017-10-25 10:11:53 [scrapy.middleware] INFO: Enabled item pipelines:
[]
2017-10-25 10:11:53 [scrapy.core.engine] INFO: Spider opened
2017-10-25 10:11:53 [scrapy.extensions.logstats] INFO: Crawled 0 pages (at 0 pages/min), scraped 0 items (at 0 items/min)
2017-10-25 10:11:53 [scrapy.extensions.telnet] DEBUG: Telnet console listening on 127.0.0.1:6023
2017-10-25 10:11:55 [scrapy.core.engine] DEBUG: Crawled (404) <GET http://www.hkexnews.hk/robots.txt> (referer: None)
2017-10-25 10:11:57 [scrapy.core.engine] DEBUG: Crawled (200) <GET http://www.hkexnews.hk/sdw/search/mutualmarket.aspx?t=hk> (referer: None)
2017-10-25 10:11:57 [scrapy.core.engine] INFO: Closing spider (finished)
2017-10-25 10:11:57 [scrapy.statscollectors] INFO: Dumping Scrapy stats:
{'downloader/request_bytes': 564,
 'downloader/request_count': 2,
 'downloader/request_method_count/GET': 2,
 'downloader/response_bytes': 427308,
 'downloader/response_count': 2,
 'downloader/response_status_count/200': 1,
 'downloader/response_status_count/404': 1,
 'finish_reason': 'finished',
 'finish_time': datetime.datetime(2017, 10, 25, 10, 11, 57, 952791),
 'log_count/DEBUG': 3,
 'log_count/INFO': 7,
 'memusage/max': 50495488,
 'memusage/startup': 50495488,
 'response_received_count': 2,
 'scheduler/dequeued': 1,
 'scheduler/dequeued/memory': 1,
 'scheduler/enqueued': 1,
 'scheduler/enqueued/memory': 1,
 'start_time': datetime.datetime(2017, 10, 25, 10, 11, 53, 545973)}
2017-10-25 10:11:57 [scrapy.core.engine] INFO: Spider closed (finished)
2017-10-26 10:11:58 [scrapy.utils.log] INFO: Scrapy 1.4.0 started (bot: stock)
2017-10-26 10:11:58 [scrapy.utils.log] INFO: Overridden settings: {'NEWSPIDER_MODULE': 'stock.spiders', 'SPIDER_MODULES': ['stock.spiders'], 'ROBOTSTXT_OBEY': True, 'BOT_NAME': 'stock'}
2017-10-26 10:11:58 [scrapy.middleware] INFO: Enabled extensions:
['scrapy.extensions.memusage.MemoryUsage',
 'scrapy.extensions.logstats.LogStats',
 'scrapy.extensions.telnet.TelnetConsole',
 'scrapy.extensions.corestats.CoreStats']
2017-10-26 10:11:58 [scrapy.middleware] INFO: Enabled downloader middlewares:
['scrapy.downloadermiddlewares.robotstxt.RobotsTxtMiddleware',
 'scrapy.downloadermiddlewares.httpauth.HttpAuthMiddleware',
 'scrapy.downloadermiddlewares.downloadtimeout.DownloadTimeoutMiddleware',
 'scrapy.downloadermiddlewares.defaultheaders.DefaultHeadersMiddleware',
 'scrapy.downloadermiddlewares.useragent.UserAgentMiddleware',
 'scrapy.downloadermiddlewares.retry.RetryMiddleware',
 'scrapy.downloadermiddlewares.redirect.MetaRefreshMiddleware',
 'scrapy.downloadermiddlewares.httpcompression.HttpCompressionMiddleware',
 'scrapy.downloadermiddlewares.redirect.RedirectMiddleware',
 'scrapy.downloadermiddlewares.cookies.CookiesMiddleware',
 'scrapy.downloadermiddlewares.httpproxy.HttpProxyMiddleware',
 'scrapy.downloadermiddlewares.stats.DownloaderStats']
2017-10-26 10:11:58 [scrapy.middleware] INFO: Enabled spider middlewares:
['scrapy.spidermiddlewares.httperror.HttpErrorMiddleware',
 'scrapy.spidermiddlewares.offsite.OffsiteMiddleware',
 'scrapy.spidermiddlewares.referer.RefererMiddleware',
 'scrapy.spidermiddlewares.urllength.UrlLengthMiddleware',
 'scrapy.spidermiddlewares.depth.DepthMiddleware']
2017-10-26 10:11:58 [scrapy.middleware] INFO: Enabled item pipelines:
[]
2017-10-26 10:11:58 [scrapy.core.engine] INFO: Spider opened
2017-10-26 10:11:58 [scrapy.extensions.logstats] INFO: Crawled 0 pages (at 0 pages/min), scraped 0 items (at 0 items/min)
2017-10-26 10:11:58 [scrapy.extensions.telnet] DEBUG: Telnet console listening on 127.0.0.1:6023
2017-10-26 10:12:00 [scrapy.core.engine] DEBUG: Crawled (404) <GET http://www.hkexnews.hk/robots.txt> (referer: None)
2017-10-26 10:12:02 [scrapy.core.engine] DEBUG: Crawled (200) <GET http://www.hkexnews.hk/sdw/search/mutualmarket.aspx?t=hk> (referer: None)
2017-10-26 10:12:03 [scrapy.core.engine] INFO: Closing spider (finished)
2017-10-26 10:12:03 [scrapy.statscollectors] INFO: Dumping Scrapy stats:
{'downloader/request_bytes': 564,
 'downloader/request_count': 2,
 'downloader/request_method_count/GET': 2,
 'downloader/response_bytes': 427303,
 'downloader/response_count': 2,
 'downloader/response_status_count/200': 1,
 'downloader/response_status_count/404': 1,
 'finish_reason': 'finished',
 'finish_time': datetime.datetime(2017, 10, 26, 10, 12, 3, 182202),
 'log_count/DEBUG': 3,
 'log_count/INFO': 7,
 'memusage/max': 50421760,
 'memusage/startup': 50421760,
 'response_received_count': 2,
 'scheduler/dequeued': 1,
 'scheduler/dequeued/memory': 1,
 'scheduler/enqueued': 1,
 'scheduler/enqueued/memory': 1,
 'start_time': datetime.datetime(2017, 10, 26, 10, 11, 58, 610436)}
2017-10-26 10:12:03 [scrapy.core.engine] INFO: Spider closed (finished)
2017-10-27 10:12:03 [scrapy.utils.log] INFO: Scrapy 1.4.0 started (bot: stock)
2017-10-27 10:12:03 [scrapy.utils.log] INFO: Overridden settings: {'NEWSPIDER_MODULE': 'stock.spiders', 'SPIDER_MODULES': ['stock.spiders'], 'ROBOTSTXT_OBEY': True, 'BOT_NAME': 'stock'}
2017-10-27 10:12:03 [scrapy.middleware] INFO: Enabled extensions:
['scrapy.extensions.memusage.MemoryUsage',
 'scrapy.extensions.logstats.LogStats',
 'scrapy.extensions.telnet.TelnetConsole',
 'scrapy.extensions.corestats.CoreStats']
2017-10-27 10:12:03 [scrapy.middleware] INFO: Enabled downloader middlewares:
['scrapy.downloadermiddlewares.robotstxt.RobotsTxtMiddleware',
 'scrapy.downloadermiddlewares.httpauth.HttpAuthMiddleware',
 'scrapy.downloadermiddlewares.downloadtimeout.DownloadTimeoutMiddleware',
 'scrapy.downloadermiddlewares.defaultheaders.DefaultHeadersMiddleware',
 'scrapy.downloadermiddlewares.useragent.UserAgentMiddleware',
 'scrapy.downloadermiddlewares.retry.RetryMiddleware',
 'scrapy.downloadermiddlewares.redirect.MetaRefreshMiddleware',
 'scrapy.downloadermiddlewares.httpcompression.HttpCompressionMiddleware',
 'scrapy.downloadermiddlewares.redirect.RedirectMiddleware',
 'scrapy.downloadermiddlewares.cookies.CookiesMiddleware',
 'scrapy.downloadermiddlewares.httpproxy.HttpProxyMiddleware',
 'scrapy.downloadermiddlewares.stats.DownloaderStats']
2017-10-27 10:12:03 [scrapy.middleware] INFO: Enabled spider middlewares:
['scrapy.spidermiddlewares.httperror.HttpErrorMiddleware',
 'scrapy.spidermiddlewares.offsite.OffsiteMiddleware',
 'scrapy.spidermiddlewares.referer.RefererMiddleware',
 'scrapy.spidermiddlewares.urllength.UrlLengthMiddleware',
 'scrapy.spidermiddlewares.depth.DepthMiddleware']
2017-10-27 10:12:03 [scrapy.middleware] INFO: Enabled item pipelines:
[]
2017-10-27 10:12:03 [scrapy.core.engine] INFO: Spider opened
2017-10-27 10:12:03 [scrapy.extensions.logstats] INFO: Crawled 0 pages (at 0 pages/min), scraped 0 items (at 0 items/min)
2017-10-27 10:12:03 [scrapy.extensions.telnet] DEBUG: Telnet console listening on 127.0.0.1:6023
2017-10-27 10:12:05 [scrapy.core.engine] DEBUG: Crawled (404) <GET http://www.hkexnews.hk/robots.txt> (referer: None)
2017-10-27 10:12:07 [scrapy.core.engine] DEBUG: Crawled (200) <GET http://www.hkexnews.hk/sdw/search/mutualmarket.aspx?t=hk> (referer: None)
2017-10-27 10:12:08 [scrapy.core.engine] INFO: Closing spider (finished)
2017-10-27 10:12:08 [scrapy.statscollectors] INFO: Dumping Scrapy stats:
{'downloader/request_bytes': 564,
 'downloader/request_count': 2,
 'downloader/request_method_count/GET': 2,
 'downloader/response_bytes': 427306,
 'downloader/response_count': 2,
 'downloader/response_status_count/200': 1,
 'downloader/response_status_count/404': 1,
 'finish_reason': 'finished',
 'finish_time': datetime.datetime(2017, 10, 27, 10, 12, 8, 175418),
 'log_count/DEBUG': 3,
 'log_count/INFO': 7,
 'memusage/max': 50294784,
 'memusage/startup': 50294784,
 'response_received_count': 2,
 'scheduler/dequeued': 1,
 'scheduler/dequeued/memory': 1,
 'scheduler/enqueued': 1,
 'scheduler/enqueued/memory': 1,
 'start_time': datetime.datetime(2017, 10, 27, 10, 12, 3, 790004)}
2017-10-27 10:12:08 [scrapy.core.engine] INFO: Spider closed (finished)
2017-10-28 10:12:08 [scrapy.utils.log] INFO: Scrapy 1.4.0 started (bot: stock)
2017-10-28 10:12:08 [scrapy.utils.log] INFO: Overridden settings: {'NEWSPIDER_MODULE': 'stock.spiders', 'SPIDER_MODULES': ['stock.spiders'], 'ROBOTSTXT_OBEY': True, 'BOT_NAME': 'stock'}
2017-10-28 10:12:08 [scrapy.middleware] INFO: Enabled extensions:
['scrapy.extensions.memusage.MemoryUsage',
 'scrapy.extensions.logstats.LogStats',
 'scrapy.extensions.telnet.TelnetConsole',
 'scrapy.extensions.corestats.CoreStats']
2017-10-28 10:12:08 [scrapy.middleware] INFO: Enabled downloader middlewares:
['scrapy.downloadermiddlewares.robotstxt.RobotsTxtMiddleware',
 'scrapy.downloadermiddlewares.httpauth.HttpAuthMiddleware',
 'scrapy.downloadermiddlewares.downloadtimeout.DownloadTimeoutMiddleware',
 'scrapy.downloadermiddlewares.defaultheaders.DefaultHeadersMiddleware',
 'scrapy.downloadermiddlewares.useragent.UserAgentMiddleware',
 'scrapy.downloadermiddlewares.retry.RetryMiddleware',
 'scrapy.downloadermiddlewares.redirect.MetaRefreshMiddleware',
 'scrapy.downloadermiddlewares.httpcompression.HttpCompressionMiddleware',
 'scrapy.downloadermiddlewares.redirect.RedirectMiddleware',
 'scrapy.downloadermiddlewares.cookies.CookiesMiddleware',
 'scrapy.downloadermiddlewares.httpproxy.HttpProxyMiddleware',
 'scrapy.downloadermiddlewares.stats.DownloaderStats']
2017-10-28 10:12:08 [scrapy.middleware] INFO: Enabled spider middlewares:
['scrapy.spidermiddlewares.httperror.HttpErrorMiddleware',
 'scrapy.spidermiddlewares.offsite.OffsiteMiddleware',
 'scrapy.spidermiddlewares.referer.RefererMiddleware',
 'scrapy.spidermiddlewares.urllength.UrlLengthMiddleware',
 'scrapy.spidermiddlewares.depth.DepthMiddleware']
2017-10-28 10:12:08 [scrapy.middleware] INFO: Enabled item pipelines:
[]
2017-10-28 10:12:08 [scrapy.core.engine] INFO: Spider opened
2017-10-28 10:12:08 [scrapy.extensions.logstats] INFO: Crawled 0 pages (at 0 pages/min), scraped 0 items (at 0 items/min)
2017-10-28 10:12:08 [scrapy.extensions.telnet] DEBUG: Telnet console listening on 127.0.0.1:6023
2017-10-28 10:12:10 [scrapy.core.engine] DEBUG: Crawled (404) <GET http://www.hkexnews.hk/robots.txt> (referer: None)
2017-10-28 10:12:13 [scrapy.core.engine] DEBUG: Crawled (200) <GET http://www.hkexnews.hk/sdw/search/mutualmarket.aspx?t=hk> (referer: None)
2017-10-28 10:12:13 [scrapy.core.engine] INFO: Closing spider (finished)
2017-10-28 10:12:13 [scrapy.statscollectors] INFO: Dumping Scrapy stats:
{'downloader/request_bytes': 564,
 'downloader/request_count': 2,
 'downloader/request_method_count/GET': 2,
 'downloader/response_bytes': 427305,
 'downloader/response_count': 2,
 'downloader/response_status_count/200': 1,
 'downloader/response_status_count/404': 1,
 'finish_reason': 'finished',
 'finish_time': datetime.datetime(2017, 10, 28, 10, 12, 13, 558430),
 'log_count/DEBUG': 3,
 'log_count/INFO': 7,
 'memusage/max': 50311168,
 'memusage/startup': 50311168,
 'response_received_count': 2,
 'scheduler/dequeued': 1,
 'scheduler/dequeued/memory': 1,
 'scheduler/enqueued': 1,
 'scheduler/enqueued/memory': 1,
 'start_time': datetime.datetime(2017, 10, 28, 10, 12, 8, 866314)}
2017-10-28 10:12:13 [scrapy.core.engine] INFO: Spider closed (finished)
2017-10-29 10:12:14 [scrapy.utils.log] INFO: Scrapy 1.4.0 started (bot: stock)
2017-10-29 10:12:14 [scrapy.utils.log] INFO: Overridden settings: {'NEWSPIDER_MODULE': 'stock.spiders', 'SPIDER_MODULES': ['stock.spiders'], 'ROBOTSTXT_OBEY': True, 'BOT_NAME': 'stock'}
2017-10-29 10:12:14 [scrapy.middleware] INFO: Enabled extensions:
['scrapy.extensions.memusage.MemoryUsage',
 'scrapy.extensions.logstats.LogStats',
 'scrapy.extensions.telnet.TelnetConsole',
 'scrapy.extensions.corestats.CoreStats']
2017-10-29 10:12:14 [scrapy.middleware] INFO: Enabled downloader middlewares:
['scrapy.downloadermiddlewares.robotstxt.RobotsTxtMiddleware',
 'scrapy.downloadermiddlewares.httpauth.HttpAuthMiddleware',
 'scrapy.downloadermiddlewares.downloadtimeout.DownloadTimeoutMiddleware',
 'scrapy.downloadermiddlewares.defaultheaders.DefaultHeadersMiddleware',
 'scrapy.downloadermiddlewares.useragent.UserAgentMiddleware',
 'scrapy.downloadermiddlewares.retry.RetryMiddleware',
 'scrapy.downloadermiddlewares.redirect.MetaRefreshMiddleware',
 'scrapy.downloadermiddlewares.httpcompression.HttpCompressionMiddleware',
 'scrapy.downloadermiddlewares.redirect.RedirectMiddleware',
 'scrapy.downloadermiddlewares.cookies.CookiesMiddleware',
 'scrapy.downloadermiddlewares.httpproxy.HttpProxyMiddleware',
 'scrapy.downloadermiddlewares.stats.DownloaderStats']
2017-10-29 10:12:14 [scrapy.middleware] INFO: Enabled spider middlewares:
['scrapy.spidermiddlewares.httperror.HttpErrorMiddleware',
 'scrapy.spidermiddlewares.offsite.OffsiteMiddleware',
 'scrapy.spidermiddlewares.referer.RefererMiddleware',
 'scrapy.spidermiddlewares.urllength.UrlLengthMiddleware',
 'scrapy.spidermiddlewares.depth.DepthMiddleware']
2017-10-29 10:12:14 [scrapy.middleware] INFO: Enabled item pipelines:
[]
2017-10-29 10:12:14 [scrapy.core.engine] INFO: Spider opened
2017-10-29 10:12:14 [scrapy.extensions.logstats] INFO: Crawled 0 pages (at 0 pages/min), scraped 0 items (at 0 items/min)
2017-10-29 10:12:14 [scrapy.extensions.telnet] DEBUG: Telnet console listening on 127.0.0.1:6023
2017-10-29 10:12:15 [scrapy.core.engine] DEBUG: Crawled (404) <GET http://www.hkexnews.hk/robots.txt> (referer: None)
2017-10-29 10:12:18 [scrapy.core.engine] DEBUG: Crawled (200) <GET http://www.hkexnews.hk/sdw/search/mutualmarket.aspx?t=hk> (referer: None)
2017-10-29 10:12:18 [scrapy.core.engine] INFO: Closing spider (finished)
2017-10-29 10:12:18 [scrapy.statscollectors] INFO: Dumping Scrapy stats:
{'downloader/request_bytes': 564,
 'downloader/request_count': 2,
 'downloader/request_method_count/GET': 2,
 'downloader/response_bytes': 427305,
 'downloader/response_count': 2,
 'downloader/response_status_count/200': 1,
 'downloader/response_status_count/404': 1,
 'finish_reason': 'finished',
 'finish_time': datetime.datetime(2017, 10, 29, 10, 12, 18, 533403),
 'log_count/DEBUG': 3,
 'log_count/INFO': 7,
 'memusage/max': 50376704,
 'memusage/startup': 50376704,
 'response_received_count': 2,
 'scheduler/dequeued': 1,
 'scheduler/dequeued/memory': 1,
 'scheduler/enqueued': 1,
 'scheduler/enqueued/memory': 1,
 'start_time': datetime.datetime(2017, 10, 29, 10, 12, 14, 254328)}
2017-10-29 10:12:18 [scrapy.core.engine] INFO: Spider closed (finished)
2017-10-30 10:12:19 [scrapy.utils.log] INFO: Scrapy 1.4.0 started (bot: stock)
2017-10-30 10:12:19 [scrapy.utils.log] INFO: Overridden settings: {'NEWSPIDER_MODULE': 'stock.spiders', 'SPIDER_MODULES': ['stock.spiders'], 'ROBOTSTXT_OBEY': True, 'BOT_NAME': 'stock'}
2017-10-30 10:12:19 [scrapy.middleware] INFO: Enabled extensions:
['scrapy.extensions.memusage.MemoryUsage',
 'scrapy.extensions.logstats.LogStats',
 'scrapy.extensions.telnet.TelnetConsole',
 'scrapy.extensions.corestats.CoreStats']
2017-10-30 10:12:19 [scrapy.middleware] INFO: Enabled downloader middlewares:
['scrapy.downloadermiddlewares.robotstxt.RobotsTxtMiddleware',
 'scrapy.downloadermiddlewares.httpauth.HttpAuthMiddleware',
 'scrapy.downloadermiddlewares.downloadtimeout.DownloadTimeoutMiddleware',
 'scrapy.downloadermiddlewares.defaultheaders.DefaultHeadersMiddleware',
 'scrapy.downloadermiddlewares.useragent.UserAgentMiddleware',
 'scrapy.downloadermiddlewares.retry.RetryMiddleware',
 'scrapy.downloadermiddlewares.redirect.MetaRefreshMiddleware',
 'scrapy.downloadermiddlewares.httpcompression.HttpCompressionMiddleware',
 'scrapy.downloadermiddlewares.redirect.RedirectMiddleware',
 'scrapy.downloadermiddlewares.cookies.CookiesMiddleware',
 'scrapy.downloadermiddlewares.httpproxy.HttpProxyMiddleware',
 'scrapy.downloadermiddlewares.stats.DownloaderStats']
2017-10-30 10:12:19 [scrapy.middleware] INFO: Enabled spider middlewares:
['scrapy.spidermiddlewares.httperror.HttpErrorMiddleware',
 'scrapy.spidermiddlewares.offsite.OffsiteMiddleware',
 'scrapy.spidermiddlewares.referer.RefererMiddleware',
 'scrapy.spidermiddlewares.urllength.UrlLengthMiddleware',
 'scrapy.spidermiddlewares.depth.DepthMiddleware']
2017-10-30 10:12:19 [scrapy.middleware] INFO: Enabled item pipelines:
[]
2017-10-30 10:12:19 [scrapy.core.engine] INFO: Spider opened
2017-10-30 10:12:19 [scrapy.extensions.logstats] INFO: Crawled 0 pages (at 0 pages/min), scraped 0 items (at 0 items/min)
2017-10-30 10:12:19 [scrapy.extensions.telnet] DEBUG: Telnet console listening on 127.0.0.1:6023
2017-10-30 10:12:20 [scrapy.core.engine] DEBUG: Crawled (404) <GET http://www.hkexnews.hk/robots.txt> (referer: None)
2017-10-30 10:12:23 [scrapy.core.engine] DEBUG: Crawled (200) <GET http://www.hkexnews.hk/sdw/search/mutualmarket.aspx?t=hk> (referer: None)
2017-10-30 10:12:23 [scrapy.core.engine] INFO: Closing spider (finished)
2017-10-30 10:12:23 [scrapy.statscollectors] INFO: Dumping Scrapy stats:
{'downloader/request_bytes': 564,
 'downloader/request_count': 2,
 'downloader/request_method_count/GET': 2,
 'downloader/response_bytes': 427305,
 'downloader/response_count': 2,
 'downloader/response_status_count/200': 1,
 'downloader/response_status_count/404': 1,
 'finish_reason': 'finished',
 'finish_time': datetime.datetime(2017, 10, 30, 10, 12, 23, 769247),
 'log_count/DEBUG': 3,
 'log_count/INFO': 7,
 'memusage/max': 50475008,
 'memusage/startup': 50475008,
 'response_received_count': 2,
 'scheduler/dequeued': 1,
 'scheduler/dequeued/memory': 1,
 'scheduler/enqueued': 1,
 'scheduler/enqueued/memory': 1,
 'start_time': datetime.datetime(2017, 10, 30, 10, 12, 19, 233069)}
2017-10-30 10:12:23 [scrapy.core.engine] INFO: Spider closed (finished)
2017-10-31 10:12:24 [scrapy.utils.log] INFO: Scrapy 1.4.0 started (bot: stock)
2017-10-31 10:12:24 [scrapy.utils.log] INFO: Overridden settings: {'NEWSPIDER_MODULE': 'stock.spiders', 'SPIDER_MODULES': ['stock.spiders'], 'ROBOTSTXT_OBEY': True, 'BOT_NAME': 'stock'}
2017-10-31 10:12:24 [scrapy.middleware] INFO: Enabled extensions:
['scrapy.extensions.memusage.MemoryUsage',
 'scrapy.extensions.logstats.LogStats',
 'scrapy.extensions.telnet.TelnetConsole',
 'scrapy.extensions.corestats.CoreStats']
2017-10-31 10:12:24 [scrapy.middleware] INFO: Enabled downloader middlewares:
['scrapy.downloadermiddlewares.robotstxt.RobotsTxtMiddleware',
 'scrapy.downloadermiddlewares.httpauth.HttpAuthMiddleware',
 'scrapy.downloadermiddlewares.downloadtimeout.DownloadTimeoutMiddleware',
 'scrapy.downloadermiddlewares.defaultheaders.DefaultHeadersMiddleware',
 'scrapy.downloadermiddlewares.useragent.UserAgentMiddleware',
 'scrapy.downloadermiddlewares.retry.RetryMiddleware',
 'scrapy.downloadermiddlewares.redirect.MetaRefreshMiddleware',
 'scrapy.downloadermiddlewares.httpcompression.HttpCompressionMiddleware',
 'scrapy.downloadermiddlewares.redirect.RedirectMiddleware',
 'scrapy.downloadermiddlewares.cookies.CookiesMiddleware',
 'scrapy.downloadermiddlewares.httpproxy.HttpProxyMiddleware',
 'scrapy.downloadermiddlewares.stats.DownloaderStats']
2017-10-31 10:12:24 [scrapy.middleware] INFO: Enabled spider middlewares:
['scrapy.spidermiddlewares.httperror.HttpErrorMiddleware',
 'scrapy.spidermiddlewares.offsite.OffsiteMiddleware',
 'scrapy.spidermiddlewares.referer.RefererMiddleware',
 'scrapy.spidermiddlewares.urllength.UrlLengthMiddleware',
 'scrapy.spidermiddlewares.depth.DepthMiddleware']
2017-10-31 10:12:24 [scrapy.middleware] INFO: Enabled item pipelines:
[]
2017-10-31 10:12:24 [scrapy.core.engine] INFO: Spider opened
2017-10-31 10:12:24 [scrapy.extensions.logstats] INFO: Crawled 0 pages (at 0 pages/min), scraped 0 items (at 0 items/min)
2017-10-31 10:12:24 [scrapy.extensions.telnet] DEBUG: Telnet console listening on 127.0.0.1:6023
2017-10-31 10:12:25 [scrapy.core.engine] DEBUG: Crawled (404) <GET http://www.hkexnews.hk/robots.txt> (referer: None)
2017-10-31 10:12:28 [scrapy.core.engine] DEBUG: Crawled (200) <GET http://www.hkexnews.hk/sdw/search/mutualmarket.aspx?t=hk> (referer: None)
2017-10-31 10:12:28 [scrapy.core.engine] INFO: Closing spider (finished)
2017-10-31 10:12:28 [scrapy.statscollectors] INFO: Dumping Scrapy stats:
{'downloader/request_bytes': 564,
 'downloader/request_count': 2,
 'downloader/request_method_count/GET': 2,
 'downloader/response_bytes': 427305,
 'downloader/response_count': 2,
 'downloader/response_status_count/200': 1,
 'downloader/response_status_count/404': 1,
 'finish_reason': 'finished',
 'finish_time': datetime.datetime(2017, 10, 31, 10, 12, 28, 482315),
 'log_count/DEBUG': 3,
 'log_count/INFO': 7,
 'memusage/max': 50499584,
 'memusage/startup': 50499584,
 'response_received_count': 2,
 'scheduler/dequeued': 1,
 'scheduler/dequeued/memory': 1,
 'scheduler/enqueued': 1,
 'scheduler/enqueued/memory': 1,
 'start_time': datetime.datetime(2017, 10, 31, 10, 12, 24, 501302)}
2017-10-31 10:12:28 [scrapy.core.engine] INFO: Spider closed (finished)
2017-11-01 10:12:29 [scrapy.utils.log] INFO: Scrapy 1.4.0 started (bot: stock)
2017-11-01 10:12:29 [scrapy.utils.log] INFO: Overridden settings: {'NEWSPIDER_MODULE': 'stock.spiders', 'SPIDER_MODULES': ['stock.spiders'], 'ROBOTSTXT_OBEY': True, 'BOT_NAME': 'stock'}
2017-11-01 10:12:29 [scrapy.middleware] INFO: Enabled extensions:
['scrapy.extensions.memusage.MemoryUsage',
 'scrapy.extensions.logstats.LogStats',
 'scrapy.extensions.telnet.TelnetConsole',
 'scrapy.extensions.corestats.CoreStats']
2017-11-01 10:12:29 [scrapy.middleware] INFO: Enabled downloader middlewares:
['scrapy.downloadermiddlewares.robotstxt.RobotsTxtMiddleware',
 'scrapy.downloadermiddlewares.httpauth.HttpAuthMiddleware',
 'scrapy.downloadermiddlewares.downloadtimeout.DownloadTimeoutMiddleware',
 'scrapy.downloadermiddlewares.defaultheaders.DefaultHeadersMiddleware',
 'scrapy.downloadermiddlewares.useragent.UserAgentMiddleware',
 'scrapy.downloadermiddlewares.retry.RetryMiddleware',
 'scrapy.downloadermiddlewares.redirect.MetaRefreshMiddleware',
 'scrapy.downloadermiddlewares.httpcompression.HttpCompressionMiddleware',
 'scrapy.downloadermiddlewares.redirect.RedirectMiddleware',
 'scrapy.downloadermiddlewares.cookies.CookiesMiddleware',
 'scrapy.downloadermiddlewares.httpproxy.HttpProxyMiddleware',
 'scrapy.downloadermiddlewares.stats.DownloaderStats']
2017-11-01 10:12:29 [scrapy.middleware] INFO: Enabled spider middlewares:
['scrapy.spidermiddlewares.httperror.HttpErrorMiddleware',
 'scrapy.spidermiddlewares.offsite.OffsiteMiddleware',
 'scrapy.spidermiddlewares.referer.RefererMiddleware',
 'scrapy.spidermiddlewares.urllength.UrlLengthMiddleware',
 'scrapy.spidermiddlewares.depth.DepthMiddleware']
2017-11-01 10:12:29 [scrapy.middleware] INFO: Enabled item pipelines:
[]
2017-11-01 10:12:29 [scrapy.core.engine] INFO: Spider opened
2017-11-01 10:12:29 [scrapy.extensions.logstats] INFO: Crawled 0 pages (at 0 pages/min), scraped 0 items (at 0 items/min)
2017-11-01 10:12:29 [scrapy.extensions.telnet] DEBUG: Telnet console listening on 127.0.0.1:6023
2017-11-01 10:12:31 [scrapy.core.engine] DEBUG: Crawled (404) <GET http://www.hkexnews.hk/robots.txt> (referer: None)
2017-11-01 10:12:34 [scrapy.core.engine] DEBUG: Crawled (200) <GET http://www.hkexnews.hk/sdw/search/mutualmarket.aspx?t=hk> (referer: None)
2017-11-01 10:12:34 [scrapy.core.engine] INFO: Closing spider (finished)
2017-11-01 10:12:34 [scrapy.statscollectors] INFO: Dumping Scrapy stats:
{'downloader/request_bytes': 564,
 'downloader/request_count': 2,
 'downloader/request_method_count/GET': 2,
 'downloader/response_bytes': 427307,
 'downloader/response_count': 2,
 'downloader/response_status_count/200': 1,
 'downloader/response_status_count/404': 1,
 'finish_reason': 'finished',
 'finish_time': datetime.datetime(2017, 11, 1, 10, 12, 34, 449759),
 'log_count/DEBUG': 3,
 'log_count/INFO': 7,
 'memusage/max': 50376704,
 'memusage/startup': 50376704,
 'response_received_count': 2,
 'scheduler/dequeued': 1,
 'scheduler/dequeued/memory': 1,
 'scheduler/enqueued': 1,
 'scheduler/enqueued/memory': 1,
 'start_time': datetime.datetime(2017, 11, 1, 10, 12, 29, 419508)}
2017-11-01 10:12:34 [scrapy.core.engine] INFO: Spider closed (finished)
2017-11-02 10:12:35 [scrapy.utils.log] INFO: Scrapy 1.4.0 started (bot: stock)
2017-11-02 10:12:35 [scrapy.utils.log] INFO: Overridden settings: {'NEWSPIDER_MODULE': 'stock.spiders', 'SPIDER_MODULES': ['stock.spiders'], 'ROBOTSTXT_OBEY': True, 'BOT_NAME': 'stock'}
2017-11-02 10:12:35 [scrapy.middleware] INFO: Enabled extensions:
['scrapy.extensions.memusage.MemoryUsage',
 'scrapy.extensions.logstats.LogStats',
 'scrapy.extensions.telnet.TelnetConsole',
 'scrapy.extensions.corestats.CoreStats']
2017-11-02 10:12:35 [scrapy.middleware] INFO: Enabled downloader middlewares:
['scrapy.downloadermiddlewares.robotstxt.RobotsTxtMiddleware',
 'scrapy.downloadermiddlewares.httpauth.HttpAuthMiddleware',
 'scrapy.downloadermiddlewares.downloadtimeout.DownloadTimeoutMiddleware',
 'scrapy.downloadermiddlewares.defaultheaders.DefaultHeadersMiddleware',
 'scrapy.downloadermiddlewares.useragent.UserAgentMiddleware',
 'scrapy.downloadermiddlewares.retry.RetryMiddleware',
 'scrapy.downloadermiddlewares.redirect.MetaRefreshMiddleware',
 'scrapy.downloadermiddlewares.httpcompression.HttpCompressionMiddleware',
 'scrapy.downloadermiddlewares.redirect.RedirectMiddleware',
 'scrapy.downloadermiddlewares.cookies.CookiesMiddleware',
 'scrapy.downloadermiddlewares.httpproxy.HttpProxyMiddleware',
 'scrapy.downloadermiddlewares.stats.DownloaderStats']
2017-11-02 10:12:35 [scrapy.middleware] INFO: Enabled spider middlewares:
['scrapy.spidermiddlewares.httperror.HttpErrorMiddleware',
 'scrapy.spidermiddlewares.offsite.OffsiteMiddleware',
 'scrapy.spidermiddlewares.referer.RefererMiddleware',
 'scrapy.spidermiddlewares.urllength.UrlLengthMiddleware',
 'scrapy.spidermiddlewares.depth.DepthMiddleware']
2017-11-02 10:12:35 [scrapy.middleware] INFO: Enabled item pipelines:
[]
2017-11-02 10:12:35 [scrapy.core.engine] INFO: Spider opened
2017-11-02 10:12:35 [scrapy.extensions.logstats] INFO: Crawled 0 pages (at 0 pages/min), scraped 0 items (at 0 items/min)
2017-11-02 10:12:35 [scrapy.extensions.telnet] DEBUG: Telnet console listening on 127.0.0.1:6023
2017-11-02 10:12:36 [scrapy.core.engine] DEBUG: Crawled (404) <GET http://www.hkexnews.hk/robots.txt> (referer: None)
2017-11-02 10:12:39 [scrapy.core.engine] DEBUG: Crawled (200) <GET http://www.hkexnews.hk/sdw/search/mutualmarket.aspx?t=hk> (referer: None)
2017-11-02 10:12:39 [scrapy.core.engine] INFO: Closing spider (finished)
2017-11-02 10:12:39 [scrapy.statscollectors] INFO: Dumping Scrapy stats:
{'downloader/request_bytes': 564,
 'downloader/request_count': 2,
 'downloader/request_method_count/GET': 2,
 'downloader/response_bytes': 427310,
 'downloader/response_count': 2,
 'downloader/response_status_count/200': 1,
 'downloader/response_status_count/404': 1,
 'finish_reason': 'finished',
 'finish_time': datetime.datetime(2017, 11, 2, 10, 12, 39, 599466),
 'log_count/DEBUG': 3,
 'log_count/INFO': 7,
 'memusage/max': 50360320,
 'memusage/startup': 50360320,
 'response_received_count': 2,
 'scheduler/dequeued': 1,
 'scheduler/dequeued/memory': 1,
 'scheduler/enqueued': 1,
 'scheduler/enqueued/memory': 1,
 'start_time': datetime.datetime(2017, 11, 2, 10, 12, 35, 130743)}
2017-11-02 10:12:39 [scrapy.core.engine] INFO: Spider closed (finished)
2017-11-03 10:12:40 [scrapy.utils.log] INFO: Scrapy 1.4.0 started (bot: stock)
2017-11-03 10:12:40 [scrapy.utils.log] INFO: Overridden settings: {'NEWSPIDER_MODULE': 'stock.spiders', 'SPIDER_MODULES': ['stock.spiders'], 'ROBOTSTXT_OBEY': True, 'BOT_NAME': 'stock'}
2017-11-03 10:12:40 [scrapy.middleware] INFO: Enabled extensions:
['scrapy.extensions.memusage.MemoryUsage',
 'scrapy.extensions.logstats.LogStats',
 'scrapy.extensions.telnet.TelnetConsole',
 'scrapy.extensions.corestats.CoreStats']
2017-11-03 10:12:40 [scrapy.middleware] INFO: Enabled downloader middlewares:
['scrapy.downloadermiddlewares.robotstxt.RobotsTxtMiddleware',
 'scrapy.downloadermiddlewares.httpauth.HttpAuthMiddleware',
 'scrapy.downloadermiddlewares.downloadtimeout.DownloadTimeoutMiddleware',
 'scrapy.downloadermiddlewares.defaultheaders.DefaultHeadersMiddleware',
 'scrapy.downloadermiddlewares.useragent.UserAgentMiddleware',
 'scrapy.downloadermiddlewares.retry.RetryMiddleware',
 'scrapy.downloadermiddlewares.redirect.MetaRefreshMiddleware',
 'scrapy.downloadermiddlewares.httpcompression.HttpCompressionMiddleware',
 'scrapy.downloadermiddlewares.redirect.RedirectMiddleware',
 'scrapy.downloadermiddlewares.cookies.CookiesMiddleware',
 'scrapy.downloadermiddlewares.httpproxy.HttpProxyMiddleware',
 'scrapy.downloadermiddlewares.stats.DownloaderStats']
2017-11-03 10:12:40 [scrapy.middleware] INFO: Enabled spider middlewares:
['scrapy.spidermiddlewares.httperror.HttpErrorMiddleware',
 'scrapy.spidermiddlewares.offsite.OffsiteMiddleware',
 'scrapy.spidermiddlewares.referer.RefererMiddleware',
 'scrapy.spidermiddlewares.urllength.UrlLengthMiddleware',
 'scrapy.spidermiddlewares.depth.DepthMiddleware']
2017-11-03 10:12:40 [scrapy.middleware] INFO: Enabled item pipelines:
[]
2017-11-03 10:12:40 [scrapy.core.engine] INFO: Spider opened
2017-11-03 10:12:40 [scrapy.extensions.logstats] INFO: Crawled 0 pages (at 0 pages/min), scraped 0 items (at 0 items/min)
2017-11-03 10:12:40 [scrapy.extensions.telnet] DEBUG: Telnet console listening on 127.0.0.1:6023
2017-11-03 10:12:41 [scrapy.core.engine] DEBUG: Crawled (404) <GET http://www.hkexnews.hk/robots.txt> (referer: None)
2017-11-03 10:12:44 [scrapy.core.engine] DEBUG: Crawled (200) <GET http://www.hkexnews.hk/sdw/search/mutualmarket.aspx?t=hk> (referer: None)
2017-11-03 10:12:44 [scrapy.core.engine] INFO: Closing spider (finished)
2017-11-03 10:12:44 [scrapy.statscollectors] INFO: Dumping Scrapy stats:
{'downloader/request_bytes': 564,
 'downloader/request_count': 2,
 'downloader/request_method_count/GET': 2,
 'downloader/response_bytes': 427315,
 'downloader/response_count': 2,
 'downloader/response_status_count/200': 1,
 'downloader/response_status_count/404': 1,
 'finish_reason': 'finished',
 'finish_time': datetime.datetime(2017, 11, 3, 10, 12, 44, 449723),
 'log_count/DEBUG': 3,
 'log_count/INFO': 7,
 'memusage/max': 50569216,
 'memusage/startup': 50569216,
 'response_received_count': 2,
 'scheduler/dequeued': 1,
 'scheduler/dequeued/memory': 1,
 'scheduler/enqueued': 1,
 'scheduler/enqueued/memory': 1,
 'start_time': datetime.datetime(2017, 11, 3, 10, 12, 40, 292979)}
2017-11-03 10:12:44 [scrapy.core.engine] INFO: Spider closed (finished)
2017-11-04 01:59:18 [scrapy.utils.log] INFO: Scrapy 1.4.0 started (bot: stock)
2017-11-04 01:59:18 [scrapy.utils.log] INFO: Overridden settings: {'NEWSPIDER_MODULE': 'stock.spiders', 'SPIDER_MODULES': ['stock.spiders'], 'ROBOTSTXT_OBEY': True, 'BOT_NAME': 'stock'}
2017-11-04 01:59:18 [scrapy.middleware] INFO: Enabled extensions:
['scrapy.extensions.memusage.MemoryUsage',
 'scrapy.extensions.logstats.LogStats',
 'scrapy.extensions.telnet.TelnetConsole',
 'scrapy.extensions.corestats.CoreStats']
2017-11-04 01:59:18 [scrapy.middleware] INFO: Enabled downloader middlewares:
['scrapy.downloadermiddlewares.robotstxt.RobotsTxtMiddleware',
 'scrapy.downloadermiddlewares.httpauth.HttpAuthMiddleware',
 'scrapy.downloadermiddlewares.downloadtimeout.DownloadTimeoutMiddleware',
 'scrapy.downloadermiddlewares.defaultheaders.DefaultHeadersMiddleware',
 'scrapy.downloadermiddlewares.useragent.UserAgentMiddleware',
 'scrapy.downloadermiddlewares.retry.RetryMiddleware',
 'scrapy.downloadermiddlewares.redirect.MetaRefreshMiddleware',
 'scrapy.downloadermiddlewares.httpcompression.HttpCompressionMiddleware',
 'scrapy.downloadermiddlewares.redirect.RedirectMiddleware',
 'scrapy.downloadermiddlewares.cookies.CookiesMiddleware',
 'scrapy.downloadermiddlewares.httpproxy.HttpProxyMiddleware',
 'scrapy.downloadermiddlewares.stats.DownloaderStats']
2017-11-04 01:59:18 [scrapy.middleware] INFO: Enabled spider middlewares:
['scrapy.spidermiddlewares.httperror.HttpErrorMiddleware',
 'scrapy.spidermiddlewares.offsite.OffsiteMiddleware',
 'scrapy.spidermiddlewares.referer.RefererMiddleware',
 'scrapy.spidermiddlewares.urllength.UrlLengthMiddleware',
 'scrapy.spidermiddlewares.depth.DepthMiddleware']
2017-11-04 01:59:18 [scrapy.middleware] INFO: Enabled item pipelines:
[]
2017-11-04 01:59:18 [scrapy.core.engine] INFO: Spider opened
2017-11-04 01:59:18 [scrapy.extensions.logstats] INFO: Crawled 0 pages (at 0 pages/min), scraped 0 items (at 0 items/min)
2017-11-04 01:59:18 [scrapy.extensions.telnet] DEBUG: Telnet console listening on 127.0.0.1:6023
2017-11-04 01:59:19 [scrapy.core.engine] DEBUG: Crawled (404) <GET http://www.hkexnews.hk/robots.txt> (referer: None)
2017-11-04 01:59:22 [scrapy.core.engine] DEBUG: Crawled (200) <GET http://www.hkexnews.hk/sdw/search/mutualmarket.aspx?t=hk> (referer: None)
2017-11-04 01:59:22 [scrapy.core.engine] INFO: Closing spider (finished)
2017-11-04 01:59:22 [scrapy.statscollectors] INFO: Dumping Scrapy stats:
{'downloader/request_bytes': 564,
 'downloader/request_count': 2,
 'downloader/request_method_count/GET': 2,
 'downloader/response_bytes': 427319,
 'downloader/response_count': 2,
 'downloader/response_status_count/200': 1,
 'downloader/response_status_count/404': 1,
 'finish_reason': 'finished',
 'finish_time': datetime.datetime(2017, 11, 4, 1, 59, 22, 550896),
 'log_count/DEBUG': 3,
 'log_count/INFO': 7,
 'memusage/max': 50229248,
 'memusage/startup': 50229248,
 'response_received_count': 2,
 'scheduler/dequeued': 1,
 'scheduler/dequeued/memory': 1,
 'scheduler/enqueued': 1,
 'scheduler/enqueued/memory': 1,
 'start_time': datetime.datetime(2017, 11, 4, 1, 59, 18, 655523)}
2017-11-04 01:59:22 [scrapy.core.engine] INFO: Spider closed (finished)
Traceback (most recent call last):
  File "/usr/local/bin/scrapy", line 11, in <module>
    sys.exit(execute())
  File "/usr/local/lib/python2.7/dist-packages/scrapy/cmdline.py", line 109, in execute
    settings = get_project_settings()
  File "/usr/local/lib/python2.7/dist-packages/scrapy/utils/project.py", line 68, in get_project_settings
    settings.setmodule(settings_module_path, priority='project')
  File "/usr/local/lib/python2.7/dist-packages/scrapy/settings/__init__.py", line 292, in setmodule
    module = import_module(module)
  File "/usr/lib/python2.7/importlib/__init__.py", line 37, in import_module
    __import__(name)
ImportError: No module named stock.settings
Traceback (most recent call last):
  File "/usr/local/bin/scrapy", line 11, in <module>
    sys.exit(execute())
  File "/usr/local/lib/python2.7/dist-packages/scrapy/cmdline.py", line 109, in execute
    settings = get_project_settings()
  File "/usr/local/lib/python2.7/dist-packages/scrapy/utils/project.py", line 68, in get_project_settings
    settings.setmodule(settings_module_path, priority='project')
  File "/usr/local/lib/python2.7/dist-packages/scrapy/settings/__init__.py", line 292, in setmodule
    module = import_module(module)
  File "/usr/lib/python2.7/importlib/__init__.py", line 37, in import_module
    __import__(name)
ImportError: No module named stock.settings
Traceback (most recent call last):
  File "/usr/local/bin/scrapy", line 11, in <module>
    sys.exit(execute())
  File "/usr/local/lib/python2.7/dist-packages/scrapy/cmdline.py", line 109, in execute
    settings = get_project_settings()
  File "/usr/local/lib/python2.7/dist-packages/scrapy/utils/project.py", line 68, in get_project_settings
    settings.setmodule(settings_module_path, priority='project')
  File "/usr/local/lib/python2.7/dist-packages/scrapy/settings/__init__.py", line 292, in setmodule
    module = import_module(module)
  File "/usr/lib/python2.7/importlib/__init__.py", line 37, in import_module
    __import__(name)
ImportError: No module named stock.settings
